Probe: 731 800 148 105 reaches bucket: 6 elements.
946 812 716 308
672 553 947 34
671 725 307 332
799 614 199 199
610 793 580 396
991 921 687 358
Probe: 854 484 753 274 reaches bucket: 6 elements.
946 812 716 308
672 553 947 34
671 725 307 332
799 614 199 199
610 793 580 396
991 921 687 358
Probe: 368 52 903 804 reaches bucket: 6 elements.
69 72 994 100
223 353 872 682
215 156 837 388
109 235 668 519
114 604 687 865
211 430 990 385
Probe: 969 18 77 308 reaches bucket: 7 elements.
648 130 626 554
603 450 383 243
678 48 444 292
633 111 851 38
929 334 683 503
939 310 671 296
645 94 940 449
Probe: 818 448 286 425 reaches bucket: 7 elements.
648 130 626 554
603 450 383 243
678 48 444 292
633 111 851 38
929 334 683 503
939 310 671 296
645 94 940 449
Probe: 673 234 290 735 reaches bucket: 6 elements.
615 47 849 887
567 455 368 797
764 300 691 559
886 320 586 836
646 357 798 801
697 361 494 728
Probe: 207 85 311 147 reaches bucket: 7 elements.
228 158 318 509
133 57 228 199
108 168 175 569
70 59 200 756
445 254 330 270
331 54 193 421
218 249 173 604
Probe: 233 452 73 766 reaches bucket: 6 elements.
323 735 72 521
418 902 125 415
95 433 175 975
114 377 72 708
39 798 14 634
39 440 112 965
Probe: 511 527 72 558 reaches bucket: 6 elements.
934 829 326 977
915 990 44 483
508 833 465 757
764 621 649 824
918 619 738 623
843 799 27 701
Probe: 671 116 786 138 reaches bucket: 7 elements.
648 130 626 554
603 450 383 243
678 48 444 292
633 111 851 38
929 334 683 503
939 310 671 296
645 94 940 449
